[debug] [2020-12-21T13:09:41.357Z] ----------------------------------------------------------------------
[debug] [2020-12-21T13:09:41.359Z] Command:       C:\Program Files\nodejs\node.exe C:\Users\Daffa Maulana\AppData\Roaming\npm\node_modules\firebase-tools\lib\bin\firebase.js deploy
[debug] [2020-12-21T13:09:41.359Z] CLI Version:   9.0.1
[debug] [2020-12-21T13:09:41.359Z] Platform:      win32
[debug] [2020-12-21T13:09:41.359Z] Node Version:  v12.18.4
[debug] [2020-12-21T13:09:41.360Z] Time:          Mon Dec 21 2020 21:09:41 GMT+0800 (Central Indonesia Time)
[debug] [2020-12-21T13:09:41.360Z] ----------------------------------------------------------------------
[debug] [2020-12-21T13:09:41.360Z] 
[debug] [2020-12-21T13:09:41.366Z] > command requires scopes: ["email","openid","https://www.googleapis.com/auth/cloudplatformprojects.readonly","https://www.googleapis.com/auth/firebase","https://www.googleapis.com/auth/cloud-platform"]
[debug] [2020-12-21T13:09:41.366Z] > authorizing via signed-in user
[debug] [2020-12-21T13:09:41.367Z] [iam] checking project mution01 for permissions ["firebase.projects.get","firebasehosting.sites.update"]
[debug] [2020-12-21T13:09:41.369Z] >>> HTTP REQUEST POST https://cloudresourcemanager.googleapis.com/v1/projects/mution01:testIamPermissions  
 {"permissions":["firebase.projects.get","firebasehosting.sites.update"]}
[debug] [2020-12-21T13:09:42.684Z] <<< HTTP RESPONSE 200 {"content-type":"application/json; charset=UTF-8","vary":"X-Origin, Referer, Origin,Accept-Encoding","date":"Mon, 21 Dec 2020 13:09:42 GMT","server":"ESF","cache-control":"private","x-xss-protection":"0","x-frame-options":"SAMEORIGIN","x-content-type-options":"nosniff","server-timing":"gfet4t7; dur=1073","alt-svc":"h3-29=\":443\"; ma=2592000,h3-T051=\":443\"; ma=2592000,h3-Q050=\":443\"; ma=2592000,h3-Q046=\":443\"; ma=2592000,h3-Q043=\":443\"; ma=2592000,quic=\":443\"; ma=2592000; v=\"46,43\"","accept-ranges":"none","transfer-encoding":"chunked"}
[debug] [2020-12-21T13:09:42.685Z] >>> HTTP REQUEST GET https://firebase.googleapis.com/v1beta1/projects/mution01  
 
[debug] [2020-12-21T13:09:43.070Z] <<< HTTP RESPONSE 200 {"content-type":"application/json; charset=UTF-8","vary":"X-Origin, Referer, Origin,Accept-Encoding","date":"Mon, 21 Dec 2020 13:09:42 GMT","server":"ESF","cache-control":"private","x-xss-protection":"0","x-frame-options":"SAMEORIGIN","x-content-type-options":"nosniff","alt-svc":"h3-29=\":443\"; ma=2592000,h3-T051=\":443\"; ma=2592000,h3-Q050=\":443\"; ma=2592000,h3-Q046=\":443\"; ma=2592000,h3-Q043=\":443\"; ma=2592000,quic=\":443\"; ma=2592000; v=\"46,43\"","accept-ranges":"none","transfer-encoding":"chunked"}
[info] 
[info] === Deploying to 'mution01'...
[info] 
[info] i  deploying hosting 
[debug] [2020-12-21T13:09:43.074Z] >>> HTTP REQUEST POST https://firebasehosting.googleapis.com/v1beta1/sites/mution01/versions  
 {"config":{"rewrites":[{"glob":"**","path":"/index.html"}]},"labels":{"deployment-tool":"cli-firebase"}}
[debug] [2020-12-21T13:09:54.282Z] Error: getaddrinfo ENOTFOUND firebasehosting.googleapis.com
    at GetAddrInfoReqWrap.onlookup [as oncomplete] (dns.js:66:26)
[error] 
[error] Error: Server Error. getaddrinfo ENOTFOUND firebasehosting.googleapis.com
